scraper: 2025/06/28 09:28:17 Посещаем: https://en.wikipedia.org/wiki/Dota_2
scraper: 2025/06/28 09:28:17 Посещаем: https://en.wikipedia.org/wiki/Counter-Strike_(video_game)
scraper: 2025/06/28 09:28:17 Посещаем: https://en.wikipedia.org/wiki/Counter-Strike:_Global_Offensive
scraper: 2025/06/28 09:28:17 Посещаем: https://en.wikipedia.org/wiki/Counter-Strike_2
scraper: 2025/06/28 09:28:18 Заголовок: Dota 2
scraper: 2025/06/28 09:28:18 Заголовок: Counter-Strike
scraper: 2025/06/28 09:28:18 Заголовок: Counter-Strike: Global Offensive
scraper: 2025/06/28 09:28:18 Заголовок: Counter-Strike 2
scraper: 2025/06/28 09:28:18 Количество ссылок: 2269
scraper: 2025/06/28 09:28:18 Файл успешно сохранен
scraper: 2025/06/28 09:28:36 Посещаем: https://en.wikipedia.org/wiki/Dota_2
scraper: 2025/06/28 09:28:36 Посещаем: https://en.wikipedia.org/wiki/Counter-Strike_(video_game)
scraper: 2025/06/28 09:28:36 Посещаем: https://en.wikipedia.org/wiki/Counter-Strike_2
scraper: 2025/06/28 09:28:36 Посещаем: https://en.wikipedia.org/wiki/Counter-Strike:_Global_Offensive
scraper: 2025/06/28 09:28:37 Заголовок: Counter-Strike
scraper: 2025/06/28 09:28:37 Заголовок: Dota 2
scraper: 2025/06/28 09:28:37 Заголовок: Counter-Strike 2
scraper: 2025/06/28 09:28:37 Заголовок: Counter-Strike: Global Offensive
scraper: 2025/06/28 09:28:37 Количество ссылок: 2269
scraper: 2025/06/28 09:28:37 Файл успешно сохранен
